<?xml version="1.0" encoding="UTF-8"?>
<!-- Generated by org.testng.reporters.JUnitReportReporter -->
<testsuite hostname="DESKTOP-9H86UB9" failures="0" tests="4" name="com.POS.TestCases.VerifyWaiterTest" time="89.082" errors="0" timestamp="2023-03-23T07:43:07 GST" skipped="0">
  <testcase classname="com.POS.TestCases.VerifyWaiterTest" name="validateShowCount" time="17.487"/>
  <system-out/>
  <testcase classname="com.POS.TestCases.VerifyWaiterTest" name="validateAddWaiter" time="21.352"/>
  <system-out/>
  <testcase classname="com.POS.TestCases.VerifyWaiterTest" name="validateSearchWaiter" time="19.664"/>
  <system-out/>
  <testcase classname="com.POS.TestCases.VerifyWaiterTest" name="validateEditWaiter" time="30.579"/>
  <system-out/>
</testsuite> <!-- com.POS.TestCases.VerifyWaiterTest -->
