<?xml version="1.0" encoding="UTF-8"?>
<!-- Generated by org.testng.reporters.JUnitReportReporter -->
<testsuite hostname="DESKTOP-9H86UB9" failures="0" tests="4" name="com.POS.TestCases.VerifyUserLoginTest" time="167.701" errors="0" timestamp="2023-03-23T14:42:58 GST" skipped="0">
  <testcase classname="com.POS.TestCases.VerifyUserLoginTest" name="validateLogin" time="29.745"/>
  <system-out/>
  <testcase classname="com.POS.TestCases.VerifyUserLoginTest" name="validateAllLogin" time="34.051"/>
  <system-out/>
  <testcase classname="com.POS.TestCases.VerifyUserLoginTest" name="validateAllLogin" time="83.755"/>
  <system-out/>
  <testcase classname="com.POS.TestCases.VerifyUserLoginTest" name="validateAllLogin" time="20.150"/>
  <system-out/>
</testsuite> <!-- com.POS.TestCases.VerifyUserLoginTest -->
