<?xml version="1.0" encoding="UTF-8"?>
<!-- Generated by org.testng.reporters.JUnitReportReporter -->
<testsuite hostname="DESKTOP-9H86UB9" failures="0" tests="9" name="com.POS.TestCases.VerifyProductPageTest" time="497.589" errors="0" timestamp="2023-03-28T08:52:14 GST" skipped="0">
  <testcase classname="com.POS.TestCases.VerifyProductPageTest" name="validateShowPdtTblCount" time="36.140"/>
  <system-out/>
  <testcase classname="com.POS.TestCases.VerifyProductPageTest" name="validateFilterBySupplier" time="42.349"/>
  <system-out/>
  <testcase classname="com.POS.TestCases.VerifyProductPageTest" name="validateFilterByPdtType" time="61.665"/>
  <system-out/>
  <testcase classname="com.POS.TestCases.VerifyProductPageTest" name="validateFilterBySupPdtType" time="53.530"/>
  <system-out/>
  <testcase classname="com.POS.TestCases.VerifyProductPageTest" name="validateDownloadCSV" time="39.093"/>
  <system-out/>
  <testcase classname="com.POS.TestCases.VerifyProductPageTest" name="validateUploadCSV" time="61.896"/>
  <system-out/>
  <testcase classname="com.POS.TestCases.VerifyProductPageTest" name="validatePrintMenu" time="64.967"/>
  <system-out/>
  <testcase classname="com.POS.TestCases.VerifyProductPageTest" name="validateAddProduct" time="90.608"/>
  <system-out/>
  <testcase classname="com.POS.TestCases.VerifyProductPageTest" name="validateSearchPdt" time="47.341"/>
  <system-out/>
</testsuite> <!-- com.POS.TestCases.VerifyProductPageTest -->
