<?xml version="1.0" encoding="UTF-8"?>
<!-- Generated by org.testng.reporters.JUnitReportReporter -->
<testsuite hostname="DESKTOP-9H86UB9" failures="0" tests="6" name="com.POS.TestCases.VerifyStoreTest" time="143.659" errors="0" timestamp="2023-03-23T14:42:59 GST" skipped="0">
  <testcase classname="com.POS.TestCases.VerifyStoreTest" name="validateTableHeaders" time="16.372"/>
  <system-out/>
  <testcase classname="com.POS.TestCases.VerifyStoreTest" name="validateShowCount" time="25.749"/>
  <system-out/>
  <testcase classname="com.POS.TestCases.VerifyStoreTest" name="validateAddStore" time="36.773"/>
  <system-out/>
  <testcase classname="com.POS.TestCases.VerifyStoreTest" name="validateSearchStore" time="26.224"/>
  <system-out/>
  <testcase classname="com.POS.TestCases.VerifyStoreTest" name="validateEditStore" time="21.945"/>
  <system-out/>
  <testcase classname="com.POS.TestCases.VerifyStoreTest" name="validateStoreSorting" time="16.596"/>
  <system-out/>
</testsuite> <!-- com.POS.TestCases.VerifyStoreTest -->
