<?xml version="1.0" encoding="UTF-8"?>
<!-- Generated by org.testng.reporters.JUnitReportReporter -->
<testsuite hostname="DESKTOP-9H86UB9" failures="0" tests="2" name="com.POS.TestCases.VerifyCategoryTest" time="33.480" errors="0" timestamp="2023-03-28T08:52:14 GST" skipped="0">
  <testcase classname="com.POS.TestCases.VerifyCategoryTest" name="validateCatTblHeaders" time="16.260"/>
  <system-out/>
  <testcase classname="com.POS.TestCases.VerifyCategoryTest" name="validateAddCategory" time="17.220"/>
  <system-out/>
</testsuite> <!-- com.POS.TestCases.VerifyCategoryTest -->
