<?xml version="1.0" encoding="UTF-8"?>
<!-- Generated by org.testng.reporters.JUnitReportReporter -->
<testsuite hostname="DESKTOP-9H86UB9" failures="0" tests="4" name="com.POS.TestCases.VerifyUserLoginTest" time="49.440" errors="0" timestamp="2023-03-28T17:01:37 GST" skipped="0">
  <testcase classname="com.POS.TestCases.VerifyUserLoginTest" name="validateLogin" time="23.978"/>
  <system-out/>
  <testcase classname="com.POS.TestCases.VerifyUserLoginTest" name="validateAllLogin" time="7.779"/>
  <system-out/>
  <testcase classname="com.POS.TestCases.VerifyUserLoginTest" name="validateAllLogin" time="10.174"/>
  <system-out/>
  <testcase classname="com.POS.TestCases.VerifyUserLoginTest" name="validateAllLogin" time="7.509"/>
  <system-out/>
</testsuite> <!-- com.POS.TestCases.VerifyUserLoginTest -->
