<?xml version="1.0" encoding="UTF-8"?>
<!-- Generated by org.testng.reporters.JUnitReportReporter -->
<testsuite hostname="DESKTOP-9H86UB9" failures="0" tests="5" name="com.POS.TestCases.VerifyWaiterTest" time="171.024" errors="0" timestamp="2023-03-22T12:30:07 GST" skipped="1">
  <testcase classname="com.POS.TestCases.VerifyWaiterTest" name="validateShowCount" time="12.334"/>
  <system-out/>
  <testcase classname="com.POS.TestCases.VerifyWaiterTest" name="validateAddWaiter" time="13.999"/>
  <system-out/>
  <testcase classname="com.POS.TestCases.VerifyWaiterTest" name="validateAddWaiter" time="117.166">
    <skipped/>
  </testcase> <!-- validateAddWaiter -->
  <system-out/>
  <testcase classname="com.POS.TestCases.VerifyWaiterTest" name="validateSearchWaiter" time="12.221"/>
  <system-out/>
  <testcase classname="com.POS.TestCases.VerifyWaiterTest" name="validateEditWaiter" time="15.304"/>
  <system-out/>
</testsuite> <!-- com.POS.TestCases.VerifyWaiterTest -->
