<?xml version="1.0" encoding="UTF-8"?>
<!-- Generated by org.testng.reporters.JUnitReportReporter -->
<testsuite hostname="DESKTOP-9H86UB9" failures="0" tests="4" name="com.POS.TestCases.VerifyWaiterTest" time="60.060" errors="0" timestamp="2023-03-28T08:52:14 GST" skipped="0">
  <testcase classname="com.POS.TestCases.VerifyWaiterTest" name="validateShowCount" time="13.606"/>
  <system-out/>
  <testcase classname="com.POS.TestCases.VerifyWaiterTest" name="validateAddWaiter" time="15.864"/>
  <system-out/>
  <testcase classname="com.POS.TestCases.VerifyWaiterTest" name="validateSearchWaiter" time="12.641"/>
  <system-out/>
  <testcase classname="com.POS.TestCases.VerifyWaiterTest" name="validateEditWaiter" time="17.949"/>
  <system-out/>
</testsuite> <!-- com.POS.TestCases.VerifyWaiterTest -->
