<?xml version="1.0" encoding="UTF-8"?>
<!-- Generated by org.testng.reporters.JUnitReportReporter -->
<testsuite hostname="DESKTOP-9H86UB9" failures="0" tests="9" name="com.POS.TestCases.VerifyProductPageTest" time="380.884" errors="0" timestamp="2023-03-23T07:43:07 GST" skipped="0">
  <testcase classname="com.POS.TestCases.VerifyProductPageTest" name="validateShowPdtTblCount" time="32.415"/>
  <system-out/>
  <testcase classname="com.POS.TestCases.VerifyProductPageTest" name="validateFilterBySupplier" time="33.017"/>
  <system-out/>
  <testcase classname="com.POS.TestCases.VerifyProductPageTest" name="validateFilterByPdtType" time="34.325"/>
  <system-out/>
  <testcase classname="com.POS.TestCases.VerifyProductPageTest" name="validateFilterBySupPdtType" time="43.844"/>
  <system-out/>
  <testcase classname="com.POS.TestCases.VerifyProductPageTest" name="validateDownloadCSV" time="51.530"/>
  <system-out/>
  <testcase classname="com.POS.TestCases.VerifyProductPageTest" name="validateUploadCSV" time="64.638"/>
  <system-out/>
  <testcase classname="com.POS.TestCases.VerifyProductPageTest" name="validatePrintMenu" time="36.972"/>
  <system-out/>
  <testcase classname="com.POS.TestCases.VerifyProductPageTest" name="validateAddProduct" time="56.002"/>
  <system-out/>
  <testcase classname="com.POS.TestCases.VerifyProductPageTest" name="validateSearchPdt" time="28.141"/>
  <system-out/>
</testsuite> <!-- com.POS.TestCases.VerifyProductPageTest -->
