<?xml version="1.0" encoding="UTF-8"?>
<!-- Generated by org.testng.reporters.JUnitReportReporter -->
<testsuite hostname="DESKTOP-9H86UB9" failures="0" tests="2" name="com.POS.TestCases.VerifyCategoryTest" time="177.762" errors="0" timestamp="2023-03-28T23:04:16 GST" skipped="0">
  <testcase classname="com.POS.TestCases.VerifyCategoryTest" name="validateCatTblHeaders" time="46.565"/>
  <system-out/>
  <testcase classname="com.POS.TestCases.VerifyCategoryTest" name="validateAddCategory" time="131.197"/>
  <system-out/>
</testsuite> <!-- com.POS.TestCases.VerifyCategoryTest -->
