<?xml version="1.0" encoding="UTF-8"?>
<!-- Generated by org.testng.reporters.JUnitReportReporter -->
<testsuite hostname="DESKTOP-9H86UB9" failures="0" tests="7" name="com.POS.TestCases.VerifyStoreManageTest" time="240.992" errors="0" timestamp="2023-03-23T12:08:11 GST" skipped="2">
  <testcase classname="com.POS.TestCases.VerifyStoreManageTest" name="validateAddStoreTable" time="55.357"/>
  <system-out/>
  <testcase classname="com.POS.TestCases.VerifyStoreManageTest" name="validateEditStoreTable" time="65.107"/>
  <system-out/>
  <testcase classname="com.POS.TestCases.VerifyStoreManageTest" name="validateDeleteStoreTbl" time="35.478"/>
  <system-out/>
  <testcase classname="com.POS.TestCases.VerifyStoreManageTest" name="validateDeleteZone" time="53.222"/>
  <system-out/>
  <testcase classname="com.POS.TestCases.VerifyStoreManageTest" name="validateDeleteStore" time="31.828"/>
  <system-out/>
  <testcase classname="com.POS.TestCases.VerifyStoreManageTest" name="validateAddZone">
    <skipped/>
  </testcase> <!-- validateAddZone -->
  <system-out/>
  <testcase classname="com.POS.TestCases.VerifyStoreManageTest" name="validateEditZone">
    <skipped/>
  </testcase> <!-- validateEditZone -->
  <system-out/>
</testsuite> <!-- com.POS.TestCases.VerifyStoreManageTest -->
