<?xml version="1.0" encoding="UTF-8"?>
<!-- Generated by org.testng.reporters.JUnitReportReporter -->
<testsuite hostname="DESKTOP-9H86UB9" failures="0" tests="7" name="com.POS.TestCases.VerifyStoreManageTest" time="292.176" errors="0" timestamp="2023-03-23T07:43:07 GST" skipped="2">
  <testcase classname="com.POS.TestCases.VerifyStoreManageTest" name="validateAddStoreTable" time="58.870"/>
  <system-out/>
  <testcase classname="com.POS.TestCases.VerifyStoreManageTest" name="validateEditStoreTable" time="53.290"/>
  <system-out/>
  <testcase classname="com.POS.TestCases.VerifyStoreManageTest" name="validateDeleteStoreTbl" time="82.634"/>
  <system-out/>
  <testcase classname="com.POS.TestCases.VerifyStoreManageTest" name="validateDeleteZone" time="47.141"/>
  <system-out/>
  <testcase classname="com.POS.TestCases.VerifyStoreManageTest" name="validateDeleteStore" time="50.241"/>
  <system-out/>
  <testcase classname="com.POS.TestCases.VerifyStoreManageTest" name="validateAddZone">
    <skipped/>
  </testcase> <!-- validateAddZone -->
  <system-out/>
  <testcase classname="com.POS.TestCases.VerifyStoreManageTest" name="validateEditZone">
    <skipped/>
  </testcase> <!-- validateEditZone -->
  <system-out/>
</testsuite> <!-- com.POS.TestCases.VerifyStoreManageTest -->
