<?xml version="1.0" encoding="UTF-8"?>
<!-- Generated by org.testng.reporters.JUnitReportReporter -->
<testsuite hostname="DESKTOP-9H86UB9" failures="0" tests="4" name="com.POS.TestCases.VerifyHomePageTest" time="13.526" errors="0" timestamp="2023-03-22T12:30:07 GST" skipped="3">
  <testcase classname="com.POS.TestCases.VerifyHomePageTest" name="validateMenuDisplay" time="13.526"/>
  <system-out/>
  <testcase classname="com.POS.TestCases.VerifyHomePageTest" name="validateLanguageSelection">
    <skipped/>
  </testcase> <!-- validateLanguageSelection -->
  <system-out/>
  <testcase classname="com.POS.TestCases.VerifyHomePageTest" name="validateElementsDisplay">
    <skipped/>
  </testcase> <!-- validateElementsDisplay -->
  <system-out/>
  <testcase classname="com.POS.TestCases.VerifyHomePageTest" name="validateMenuClick">
    <skipped/>
  </testcase> <!-- validateMenuClick -->
  <system-out/>
</testsuite> <!-- com.POS.TestCases.VerifyHomePageTest -->
