<?xml version="1.0" encoding="UTF-8"?>
<!-- Generated by org.testng.reporters.JUnitReportReporter -->
<testsuite hostname="DESKTOP-9H86UB9" failures="0" tests="7" name="com.POS.TestCases.VerifyStoreManageTest" time="134.582" errors="0" timestamp="2023-03-23T14:42:59 GST" skipped="0">
  <testcase classname="com.POS.TestCases.VerifyStoreManageTest" name="validateAddZone" time="22.008"/>
  <system-out/>
  <testcase classname="com.POS.TestCases.VerifyStoreManageTest" name="validateEditZone" time="21.441"/>
  <system-out/>
  <testcase classname="com.POS.TestCases.VerifyStoreManageTest" name="validateAddStoreTable" time="17.940"/>
  <system-out/>
  <testcase classname="com.POS.TestCases.VerifyStoreManageTest" name="validateEditStoreTable" time="22.454"/>
  <system-out/>
  <testcase classname="com.POS.TestCases.VerifyStoreManageTest" name="validateDeleteStoreTbl" time="19.733"/>
  <system-out/>
  <testcase classname="com.POS.TestCases.VerifyStoreManageTest" name="validateDeleteZone" time="17.006"/>
  <system-out/>
  <testcase classname="com.POS.TestCases.VerifyStoreManageTest" name="validateDeleteStore" time="14.000"/>
  <system-out/>
</testsuite> <!-- com.POS.TestCases.VerifyStoreManageTest -->
