<?xml version="1.0" encoding="UTF-8"?>
<!-- Generated by org.testng.reporters.JUnitReportReporter -->
<testsuite hostname="DESKTOP-9H86UB9" failures="0" tests="9" name="com.POS.TestCases.VerifyProductPageTest" time="212.354" errors="0" timestamp="2023-03-22T12:30:07 GST" skipped="0">
  <testcase classname="com.POS.TestCases.VerifyProductPageTest" name="validateShowPdtTblCount" time="19.061"/>
  <system-out/>
  <testcase classname="com.POS.TestCases.VerifyProductPageTest" name="validateFilterBySupplier" time="16.551"/>
  <system-out/>
  <testcase classname="com.POS.TestCases.VerifyProductPageTest" name="validateFilterByPdtType" time="19.311"/>
  <system-out/>
  <testcase classname="com.POS.TestCases.VerifyProductPageTest" name="validateFilterBySupPdtType" time="31.000"/>
  <system-out/>
  <testcase classname="com.POS.TestCases.VerifyProductPageTest" name="validateDownloadCSV" time="18.800"/>
  <system-out/>
  <testcase classname="com.POS.TestCases.VerifyProductPageTest" name="validateUploadCSV" time="21.114"/>
  <system-out/>
  <testcase classname="com.POS.TestCases.VerifyProductPageTest" name="validatePrintMenu" time="27.364"/>
  <system-out/>
  <testcase classname="com.POS.TestCases.VerifyProductPageTest" name="validateAddProduct" time="41.001"/>
  <system-out/>
  <testcase classname="com.POS.TestCases.VerifyProductPageTest" name="validateSearchPdt" time="18.152"/>
  <system-out/>
</testsuite> <!-- com.POS.TestCases.VerifyProductPageTest -->
