<?xml version="1.0" encoding="UTF-8"?>
<!-- Generated by org.testng.reporters.JUnitReportReporter -->
<testsuite hostname="DESKTOP-9H86UB9" failures="0" tests="4" name="com.POS.TestCases.VerifyHomePageTest" time="116.812" errors="0" timestamp="2023-03-28T17:01:37 GST" skipped="1">
  <testcase classname="com.POS.TestCases.VerifyHomePageTest" name="validateLanguageSelection" time="34.792"/>
  <system-out/>
  <testcase classname="com.POS.TestCases.VerifyHomePageTest" name="validateMenuDisplay" time="52.646"/>
  <system-out/>
  <testcase classname="com.POS.TestCases.VerifyHomePageTest" name="validateMenuClick" time="29.374"/>
  <system-out/>
  <testcase classname="com.POS.TestCases.VerifyHomePageTest" name="validateElementsDisplay">
    <skipped/>
  </testcase> <!-- validateElementsDisplay -->
  <system-out/>
</testsuite> <!-- com.POS.TestCases.VerifyHomePageTest -->
