<?xml version="1.0" encoding="UTF-8"?>
<!-- Generated by org.testng.reporters.JUnitReportReporter -->
<testsuite hostname="DESKTOP-9H86UB9" failures="0" tests="6" name="com.POS.TestCases.VerifyStoreTest" time="216.736" errors="0" timestamp="2023-03-23T07:43:07 GST" skipped="0">
  <testcase classname="com.POS.TestCases.VerifyStoreTest" name="validateTableHeaders" time="61.708"/>
  <system-out/>
  <testcase classname="com.POS.TestCases.VerifyStoreTest" name="validateShowCount" time="22.758"/>
  <system-out/>
  <testcase classname="com.POS.TestCases.VerifyStoreTest" name="validateAddStore" time="26.850"/>
  <system-out/>
  <testcase classname="com.POS.TestCases.VerifyStoreTest" name="validateSearchStore" time="50.975"/>
  <system-out/>
  <testcase classname="com.POS.TestCases.VerifyStoreTest" name="validateEditStore" time="31.571"/>
  <system-out/>
  <testcase classname="com.POS.TestCases.VerifyStoreTest" name="validateStoreSorting" time="22.874"/>
  <system-out/>
</testsuite> <!-- com.POS.TestCases.VerifyStoreTest -->
