<?xml version="1.0" encoding="UTF-8"?>
<!-- Generated by org.testng.reporters.JUnitReportReporter -->
<testsuite hostname="DESKTOP-9H86UB9" failures="0" tests="5" name="com.POS.TestCases.VerifyWaiterTest" time="253.479" errors="0" timestamp="2023-03-23T14:42:59 GST" skipped="1">
  <testcase classname="com.POS.TestCases.VerifyWaiterTest" name="validateShowCount" time="83.477">
    <skipped/>
  </testcase> <!-- validateShowCount -->
  <system-out/>
  <testcase classname="com.POS.TestCases.VerifyWaiterTest" name="validateShowCount" time="29.845"/>
  <system-out/>
  <testcase classname="com.POS.TestCases.VerifyWaiterTest" name="validateAddWaiter" time="78.789"/>
  <system-out/>
  <testcase classname="com.POS.TestCases.VerifyWaiterTest" name="validateSearchWaiter" time="36.827"/>
  <system-out/>
  <testcase classname="com.POS.TestCases.VerifyWaiterTest" name="validateEditWaiter" time="24.541"/>
  <system-out/>
</testsuite> <!-- com.POS.TestCases.VerifyWaiterTest -->
