<?xml version="1.0" encoding="UTF-8"?>
<!-- Generated by org.testng.reporters.JUnitReportReporter -->
<testsuite hostname="DESKTOP-9H86UB9" failures="0" tests="2" name="com.POS.TestCases.VerifyCategoryTest" time="25.568" errors="0" timestamp="2023-03-22T12:30:07 GST" skipped="0">
  <testcase classname="com.POS.TestCases.VerifyCategoryTest" name="validateCatTblHeaders" time="12.210"/>
  <system-out/>
  <testcase classname="com.POS.TestCases.VerifyCategoryTest" name="validateAddCategory" time="13.358"/>
  <system-out/>
</testsuite> <!-- com.POS.TestCases.VerifyCategoryTest -->
