<?xml version="1.0" encoding="UTF-8"?>
<!-- Generated by org.testng.reporters.JUnitReportReporter -->
<testsuite hostname="DESKTOP-9H86UB9" failures="0" tests="6" name="com.POS.TestCases.VerifyStoreTest" time="104.941" errors="0" timestamp="2023-03-22T12:30:07 GST" skipped="0">
  <testcase classname="com.POS.TestCases.VerifyStoreTest" name="validateTableHeaders" time="13.927"/>
  <system-out/>
  <testcase classname="com.POS.TestCases.VerifyStoreTest" name="validateShowCount" time="16.856"/>
  <system-out/>
  <testcase classname="com.POS.TestCases.VerifyStoreTest" name="validateAddStore" time="22.659"/>
  <system-out/>
  <testcase classname="com.POS.TestCases.VerifyStoreTest" name="validateSearchStore" time="17.355"/>
  <system-out/>
  <testcase classname="com.POS.TestCases.VerifyStoreTest" name="validateEditStore" time="22.537"/>
  <system-out/>
  <testcase classname="com.POS.TestCases.VerifyStoreTest" name="validateStoreSorting" time="11.607"/>
  <system-out/>
</testsuite> <!-- com.POS.TestCases.VerifyStoreTest -->
