<?xml version="1.0" encoding="UTF-8"?>
<!-- Generated by org.testng.reporters.JUnitReportReporter -->
<testsuite hostname="DESKTOP-9H86UB9" failures="0" tests="2" name="com.POS.TestCases.VerifyCategoryTest" time="113.775" errors="0" timestamp="2023-03-23T11:59:32 GST" skipped="0">
  <testcase classname="com.POS.TestCases.VerifyCategoryTest" name="validateCatTblHeaders" time="75.575"/>
  <system-out/>
  <testcase classname="com.POS.TestCases.VerifyCategoryTest" name="validateAddCategory" time="38.200"/>
  <system-out/>
</testsuite> <!-- com.POS.TestCases.VerifyCategoryTest -->
