<?xml version="1.0" encoding="UTF-8"?>
<!-- Generated by org.testng.reporters.JUnitReportReporter -->
<testsuite hostname="DESKTOP-9H86UB9" failures="0" tests="4" name="com.POS.TestCases.VerifyUserLoginTest" time="105.940" errors="0" timestamp="2023-03-22T12:30:07 GST" skipped="0">
  <testcase classname="com.POS.TestCases.VerifyUserLoginTest" name="validateLogin" time="62.036"/>
  <system-out/>
  <testcase classname="com.POS.TestCases.VerifyUserLoginTest" name="validateAllLogin" time="10.826"/>
  <system-out/>
  <testcase classname="com.POS.TestCases.VerifyUserLoginTest" name="validateAllLogin" time="16.602"/>
  <system-out/>
  <testcase classname="com.POS.TestCases.VerifyUserLoginTest" name="validateAllLogin" time="16.476"/>
  <system-out/>
</testsuite> <!-- com.POS.TestCases.VerifyUserLoginTest -->
