<?xml version="1.0" encoding="UTF-8"?>
<!-- Generated by org.testng.reporters.JUnitReportReporter -->
<testsuite hostname="DESKTOP-9H86UB9" failures="0" tests="4" name="com.POS.TestCases.VerifyHomePageTest" time="155.426" errors="0" timestamp="2023-03-23T11:44:31 GST" skipped="0">
  <testcase classname="com.POS.TestCases.VerifyHomePageTest" name="validateElementsDisplay" time="32.206"/>
  <system-out/>
  <testcase classname="com.POS.TestCases.VerifyHomePageTest" name="validateLanguageSelection" time="57.248"/>
  <system-out/>
  <testcase classname="com.POS.TestCases.VerifyHomePageTest" name="validateMenuDisplay" time="28.710"/>
  <system-out/>
  <testcase classname="com.POS.TestCases.VerifyHomePageTest" name="validateMenuClick" time="37.262"/>
  <system-out/>
</testsuite> <!-- com.POS.TestCases.VerifyHomePageTest -->
