<?xml version="1.0" encoding="UTF-8"?>
<!-- Generated by org.testng.reporters.JUnitReportReporter -->
<testsuite hostname="DESKTOP-9H86UB9" failures="0" tests="4" name="com.POS.TestCases.VerifyHomePageTest" time="73.074" errors="0" timestamp="2023-03-23T14:42:59 GST" skipped="1">
  <testcase classname="com.POS.TestCases.VerifyHomePageTest" name="validateLanguageSelection" time="31.980"/>
  <system-out/>
  <testcase classname="com.POS.TestCases.VerifyHomePageTest" name="validateMenuDisplay" time="16.255"/>
  <system-out/>
  <testcase classname="com.POS.TestCases.VerifyHomePageTest" name="validateMenuClick" time="24.839"/>
  <system-out/>
  <testcase classname="com.POS.TestCases.VerifyHomePageTest" name="validateElementsDisplay">
    <skipped/>
  </testcase> <!-- validateElementsDisplay -->
  <system-out/>
</testsuite> <!-- com.POS.TestCases.VerifyHomePageTest -->
