<?xml version="1.0" encoding="UTF-8"?>
<!-- Generated by org.testng.reporters.JUnitReportReporter -->
<testsuite hostname="DESKTOP-9H86UB9" failures="0" tests="8" name="com.POS.TestCases.VerifyStoreManageTest" time="183.050" errors="0" timestamp="2023-03-22T12:30:07 GST" skipped="3">
  <testcase classname="com.POS.TestCases.VerifyStoreManageTest" name="validateAddStoreTable" time="37.910"/>
  <system-out/>
  <testcase classname="com.POS.TestCases.VerifyStoreManageTest" name="validateEditStoreTable" time="42.535"/>
  <system-out/>
  <testcase classname="com.POS.TestCases.VerifyStoreManageTest" name="validateDeleteStoreTbl" time="23.706"/>
  <system-out/>
  <testcase classname="com.POS.TestCases.VerifyStoreManageTest" name="validateDeleteZone" time="33.156"/>
  <system-out/>
  <testcase classname="com.POS.TestCases.VerifyStoreManageTest" name="validateDeleteStore" time="19.351"/>
  <system-out/>
  <testcase classname="com.POS.TestCases.VerifyStoreManageTest" name="validateDeleteStore" time="26.392">
    <skipped/>
  </testcase> <!-- validateDeleteStore -->
  <system-out/>
  <testcase classname="com.POS.TestCases.VerifyStoreManageTest" name="validateAddZone">
    <skipped/>
  </testcase> <!-- validateAddZone -->
  <system-out/>
  <testcase classname="com.POS.TestCases.VerifyStoreManageTest" name="validateEditZone">
    <skipped/>
  </testcase> <!-- validateEditZone -->
  <system-out/>
</testsuite> <!-- com.POS.TestCases.VerifyStoreManageTest -->
