<?xml version="1.0" encoding="UTF-8"?>
<!-- Generated by org.testng.reporters.JUnitReportReporter -->
<testsuite hostname="DESKTOP-9H86UB9" failures="0" tests="1" name="com.POS.TestCases.VerifySettingsTest" time="19.243" errors="0" timestamp="2023-03-23T14:42:59 GST" skipped="0">
  <testcase classname="com.POS.TestCases.VerifySettingsTest" name="validateAddUser" time="19.243"/>
  <system-out/>
</testsuite> <!-- com.POS.TestCases.VerifySettingsTest -->
