<?xml version="1.0" encoding="UTF-8"?>
<!-- Generated by org.testng.reporters.JUnitReportReporter -->
<testsuite hostname="DESKTOP-9H86UB9" failures="0" tests="9" name="com.POS.TestCases.VerifyProductPageTest" time="463.969" errors="0" timestamp="2023-03-23T14:42:59 GST" skipped="0">
  <testcase classname="com.POS.TestCases.VerifyProductPageTest" name="validateShowPdtTblCount" time="44.996"/>
  <system-out/>
  <testcase classname="com.POS.TestCases.VerifyProductPageTest" name="validateFilterBySupplier" time="41.335"/>
  <system-out/>
  <testcase classname="com.POS.TestCases.VerifyProductPageTest" name="validateFilterByPdtType" time="50.114"/>
  <system-out/>
  <testcase classname="com.POS.TestCases.VerifyProductPageTest" name="validateFilterBySupPdtType" time="66.218"/>
  <system-out/>
  <testcase classname="com.POS.TestCases.VerifyProductPageTest" name="validateDownloadCSV" time="37.742"/>
  <system-out/>
  <testcase classname="com.POS.TestCases.VerifyProductPageTest" name="validateUploadCSV" time="43.796"/>
  <system-out/>
  <testcase classname="com.POS.TestCases.VerifyProductPageTest" name="validatePrintMenu" time="63.226"/>
  <system-out/>
  <testcase classname="com.POS.TestCases.VerifyProductPageTest" name="validateAddProduct" time="81.059"/>
  <system-out/>
  <testcase classname="com.POS.TestCases.VerifyProductPageTest" name="validateSearchPdt" time="35.483"/>
  <system-out/>
</testsuite> <!-- com.POS.TestCases.VerifyProductPageTest -->
